This file contains any messages produced by compilers while
running configure, to aid debugging if configure makes a mistake.

It was created by ctl configure 1.0, which was
generated by GNU Autoconf 2.63.  Invocation command line was

  $ ./configure --build=powerpc64 --prefix=/home/lopeici/CTL/CTLlib/ CC=ppu-gcc AR=ppu-ar STRIP=ppu-strip build_alias=powerpc64 --no-create --no-recursion

## --------- ##
## Platform. ##
## --------- ##

hostname = qs21b
uname -m = ppc64
uname -r = 2.6.18-92.el5
uname -s = Linux
uname -v = #1 SMP Tue Apr 29 13:21:29 EDT 2008

/usr/bin/uname -p = unknown
/bin/uname -X     = unknown

/bin/arch              = ppc64
/usr/bin/arch -k       = unknown
/usr/convex/getsysinfo = unknown
/usr/bin/hostinfo      = unknown
/bin/machine           = unknown
/usr/bin/oslevel       = unknown
/bin/universe          = unknown

PATH: /usr/kerberos/bin
PATH: /usr/local/bin
PATH: /bin
PATH: /usr/bin
PATH: /home/lopeici/bin


## ----------- ##
## Core tests. ##
## ----------- ##

configure:2102: checking build system type
configure:2120: result: powerpc64-unknown-none
configure:2142: checking host system type
configure:2157: result: powerpc64-unknown-none
configure:2179: checking target system type
configure:2194: result: powerpc64-unknown-none
configure:2241: checking for a BSD-compatible install
configure:2309: result: /usr/bin/install -c
configure:2320: checking whether build environment is sane
configure:2363: result: yes
configure:2388: checking for a thread-safe mkdir -p
configure:2427: result: /bin/mkdir -p
configure:2440: checking for gawk
configure:2456: found /bin/gawk
configure:2467: result: gawk
configure:2478: checking whether make sets $(MAKE)
configure:2500: result: yes
configure:2733: checking for gcc
configure:2760: result: ppu-gcc
configure:2992: checking for C compiler version
configure:3000: ppu-gcc --version >&5
ppu-gcc (GCC) 4.1.1
Copyright (C) 2006 Free Software Foundation, Inc.
This is free software; see the source for copying conditions.  There is NO
warranty; not even for MERCHANTABILITY or FITNESS FOR A PARTICULAR PURPOSE.

configure:3004: $? = 0
configure:3011: ppu-gcc -v >&5
Using built-in specs.
Target: ppu
Configured with: ../toolchain/gcc/configure --prefix=/usr --mandir=/usr/share/man --infodir=/usr/share/info --with-as=/usr/bin/ppu-as --with-ld=/usr/bin/ppu-ld --enable-threads --with-system-zlib --disable-checking --enable-__cxa_atexit --disable-libunwind-exceptions --enable-languages=c,c++,fortran,ada --disable-nls --enable-clocale=gnu --enable-version-specific-runtime-libs --with-long-double-128 --program-prefix=ppu- --disable-bootstrap --host=ppu --build=powerpc64-unknown-linux-gnu --target=ppu
Thread model: posix
gcc version 4.1.1
configure:3015: $? = 0
configure:3022: ppu-gcc -V >&5
ppu-gcc: '-V' option must have argument
configure:3026: $? = 1
configure:3049: checking for C compiler default output file name
configure:3071: ppu-gcc    conftest.c  >&5
configure:3075: $? = 0
configure:3113: result: a.out
configure:3132: checking whether the C compiler works
configure:3142: ./a.out
configure:3146: $? = 0
configure:3165: result: yes
configure:3172: checking whether we are cross compiling
configure:3174: result: no
configure:3177: checking for suffix of executables
configure:3184: ppu-gcc -o conftest    conftest.c  >&5
configure:3188: $? = 0
configure:3214: result: 
configure:3220: checking for suffix of object files
configure:3246: ppu-gcc -c   conftest.c >&5
configure:3250: $? = 0
configure:3275: result: o
configure:3279: checking whether we are using the GNU C compiler
configure:3308: ppu-gcc -c   conftest.c >&5
configure:3315: $? = 0
configure:3332: result: yes
configure:3341: checking whether ppu-gcc accepts -g
configure:3371: ppu-gcc -c -g  conftest.c >&5
configure:3378: $? = 0
configure:3479: result: yes
configure:3496: checking for ppu-gcc option to accept ISO C89
configure:3570: ppu-gcc  -c -g -O2  conftest.c >&5
configure:3577: $? = 0
configure:3600: result: none needed
configure:3629: checking for style of include used by make
configure:3657: result: GNU
configure:3682: checking dependency style of ppu-gcc
configure:3773: result: gcc3
configure:3788: checking whether make sets $(MAKE)
configure:3810: result: yes
configure:3891: checking for a sed that does not truncate output
configure:3947: result: /bin/sed
configure:3950: checking for grep that handles long lines and -e
configure:4010: result: /bin/grep
configure:4015: checking for egrep
configure:4079: result: /bin/grep -E
configure:4095: checking for ld used by ppu-gcc
configure:4162: result: /usr/bin/ppu-ld
configure:4171: checking if the linker (/usr/bin/ppu-ld) is GNU ld
configure:4186: result: yes
configure:4191: checking for /usr/bin/ppu-ld option to reload object files
configure:4198: result: -r
configure:4216: checking for BSD-compatible nm
configure:4265: result: /usr/bin/nm -B
configure:4269: checking whether ln -s works
configure:4273: result: yes
configure:4280: checking how to recognize dependent libraries
configure:4466: result: unknown
configure:4716: checking how to run the C preprocessor
configure:4756: ppu-gcc -E  conftest.c
configure:4763: $? = 0
configure:4794: ppu-gcc -E  conftest.c
conftest.c:10:28: error: ac_nonexistent.h: No such file or directory
configure:4801: $? = 1
configure: failed program was:
| /* confdefs.h.  */
| #define PACKAGE_NAME "ctl"
| #define PACKAGE_TARNAME "ctl"
| #define PACKAGE_VERSION "1.0"
| #define PACKAGE_STRING "ctl 1.0"
| #define PACKAGE_BUGREPORT "email@domain.org"
| #define PACKAGE "ctl"
| #define VERSION "1.0"
| /* end confdefs.h.  */
| #include <ac_nonexistent.h>
configure:4834: result: ppu-gcc -E
configure:4863: ppu-gcc -E  conftest.c
configure:4870: $? = 0
configure:4901: ppu-gcc -E  conftest.c
conftest.c:10:28: error: ac_nonexistent.h: No such file or directory
configure:4908: $? = 1
configure: failed program was:
| /* confdefs.h.  */
| #define PACKAGE_NAME "ctl"
| #define PACKAGE_TARNAME "ctl"
| #define PACKAGE_VERSION "1.0"
| #define PACKAGE_STRING "ctl 1.0"
| #define PACKAGE_BUGREPORT "email@domain.org"
| #define PACKAGE "ctl"
| #define VERSION "1.0"
| /* end confdefs.h.  */
| #include <ac_nonexistent.h>
configure:4948: checking for ANSI C header files
configure:4978: ppu-gcc -c -g -O2  conftest.c >&5
configure:4985: $? = 0
configure:5084: ppu-gcc -o conftest -g -O2   conftest.c  >&5
configure:5088: $? = 0
configure:5094: ./conftest
configure:5098: $? = 0
configure:5116: result: yes
configure:5140: checking for sys/types.h
configure:5161: ppu-gcc -c -g -O2  conftest.c >&5
configure:5168: $? = 0
configure:5185: result: yes
configure:5140: checking for sys/stat.h
configure:5161: ppu-gcc -c -g -O2  conftest.c >&5
configure:5168: $? = 0
configure:5185: result: yes
configure:5140: checking for stdlib.h
configure:5161: ppu-gcc -c -g -O2  conftest.c >&5
configure:5168: $? = 0
configure:5185: result: yes
configure:5140: checking for string.h
configure:5161: ppu-gcc -c -g -O2  conftest.c >&5
configure:5168: $? = 0
configure:5185: result: yes
configure:5140: checking for memory.h
configure:5161: ppu-gcc -c -g -O2  conftest.c >&5
configure:5168: $? = 0
configure:5185: result: yes
configure:5140: checking for strings.h
configure:5161: ppu-gcc -c -g -O2  conftest.c >&5
configure:5168: $? = 0
configure:5185: result: yes
configure:5140: checking for inttypes.h
configure:5161: ppu-gcc -c -g -O2  conftest.c >&5
configure:5168: $? = 0
configure:5185: result: yes
configure:5140: checking for stdint.h
configure:5161: ppu-gcc -c -g -O2  conftest.c >&5
configure:5168: $? = 0
configure:5185: result: yes
configure:5140: checking for unistd.h
configure:5161: ppu-gcc -c -g -O2  conftest.c >&5
configure:5168: $? = 0
configure:5185: result: yes
configure:5215: checking dlfcn.h usability
configure:5232: ppu-gcc -c -g -O2  conftest.c >&5
configure:5239: $? = 0
configure:5253: result: yes
configure:5257: checking dlfcn.h presence
configure:5272: ppu-gcc -E  conftest.c
configure:5279: $? = 0
configure:5293: result: yes
configure:5326: checking for dlfcn.h
configure:5335: result: yes
configure:5408: checking for g++
configure:5424: found /usr/bin/g++
configure:5435: result: g++
configure:5462: checking for C++ compiler version
configure:5470: g++ --version >&5
g++ (GCC) 4.1.2 20071124 (Red Hat 4.1.2-42)
Copyright (C) 2006 Free Software Foundation, Inc.
This is free software; see the source for copying conditions.  There is NO
warranty; not even for MERCHANTABILITY or FITNESS FOR A PARTICULAR PURPOSE.

configure:5474: $? = 0
configure:5481: g++ -v >&5
Using built-in specs.
Target: ppc64-redhat-linux
Configured with: ../configure --prefix=/usr --mandir=/usr/share/man --infodir=/usr/share/info --enable-shared --enable-threads=posix --enable-checking=release --with-system-zlib --enable-__cxa_atexit --disable-libunwind-exceptions --enable-libgcj-multifile --enable-languages=c,c++,objc,obj-c++,java,fortran --enable-java-awt=gtk --disable-dssi --enable-plugin --with-java-home=/usr/lib/jvm/java-1.4.2-gcj-1.4.2.0/jre --enable-secureplt --with-long-double-128 --host=ppc64-redhat-linux --build=ppc64-redhat-linux --target=ppc64-redhat-linux --with-cpu=default32
Thread model: posix
gcc version 4.1.2 20071124 (Red Hat 4.1.2-42)
configure:5485: $? = 0
configure:5492: g++ -V >&5
g++: '-V' option must have argument
configure:5496: $? = 1
configure:5499: checking whether we are using the GNU C++ compiler
configure:5528: g++ -c   conftest.cpp >&5
configure:5535: $? = 0
configure:5552: result: yes
configure:5561: checking whether g++ accepts -g
configure:5591: g++ -c -g  conftest.cpp >&5
configure:5598: $? = 0
configure:5699: result: yes
configure:5724: checking dependency style of g++
configure:5815: result: gcc3
configure:5840: checking how to run the C++ preprocessor
configure:5876: g++ -E  conftest.cpp
configure:5883: $? = 0
configure:5914: g++ -E  conftest.cpp
conftest.cpp:21:28: error: ac_nonexistent.h: No such file or directory
configure:5921: $? = 1
configure: failed program was:
| /* confdefs.h.  */
| #define PACKAGE_NAME "ctl"
| #define PACKAGE_TARNAME "ctl"
| #define PACKAGE_VERSION "1.0"
| #define PACKAGE_STRING "ctl 1.0"
| #define PACKAGE_BUGREPORT "email@domain.org"
| #define PACKAGE "ctl"
| #define VERSION "1.0"
| #define STDC_HEADERS 1
| #define HAVE_SYS_TYPES_H 1
| #define HAVE_SYS_STAT_H 1
| #define HAVE_STDLIB_H 1
| #define HAVE_STRING_H 1
| #define HAVE_MEMORY_H 1
| #define HAVE_STRINGS_H 1
| #define HAVE_INTTYPES_H 1
| #define HAVE_STDINT_H 1
| #define HAVE_UNISTD_H 1
| #define HAVE_DLFCN_H 1
| /* end confdefs.h.  */
| #include <ac_nonexistent.h>
configure:5954: result: g++ -E
configure:5983: g++ -E  conftest.cpp
configure:5990: $? = 0
configure:6021: g++ -E  conftest.cpp
conftest.cpp:21:28: error: ac_nonexistent.h: No such file or directory
configure:6028: $? = 1
configure: failed program was:
| /* confdefs.h.  */
| #define PACKAGE_NAME "ctl"
| #define PACKAGE_TARNAME "ctl"
| #define PACKAGE_VERSION "1.0"
| #define PACKAGE_STRING "ctl 1.0"
| #define PACKAGE_BUGREPORT "email@domain.org"
| #define PACKAGE "ctl"
| #define VERSION "1.0"
| #define STDC_HEADERS 1
| #define HAVE_SYS_TYPES_H 1
| #define HAVE_SYS_STAT_H 1
| #define HAVE_STDLIB_H 1
| #define HAVE_STRING_H 1
| #define HAVE_MEMORY_H 1
| #define HAVE_STRINGS_H 1
| #define HAVE_INTTYPES_H 1
| #define HAVE_STDINT_H 1
| #define HAVE_UNISTD_H 1
| #define HAVE_DLFCN_H 1
| /* end confdefs.h.  */
| #include <ac_nonexistent.h>
configure:6123: checking for g77
configure:6153: result: no
configure:6123: checking for xlf
configure:6153: result: no
configure:6123: checking for f77
configure:6153: result: no
configure:6123: checking for frt
configure:6153: result: no
configure:6123: checking for pgf77
configure:6153: result: no
configure:6123: checking for cf77
configure:6153: result: no
configure:6123: checking for fort77
configure:6153: result: no
configure:6123: checking for fl32
configure:6153: result: no
configure:6123: checking for af77
configure:6153: result: no
configure:6123: checking for xlf90
configure:6153: result: no
configure:6123: checking for f90
configure:6153: result: no
configure:6123: checking for pgf90
configure:6153: result: no
configure:6123: checking for pghpf
configure:6153: result: no
configure:6123: checking for epcf90
configure:6153: result: no
configure:6123: checking for gfortran
configure:6139: found /usr/bin/gfortran
configure:6150: result: gfortran
configure:6176: checking for Fortran 77 compiler version
configure:6184: gfortran --version >&5
GNU Fortran (GCC) 4.1.2 20071124 (Red Hat 4.1.2-42)
Copyright (C) 2007 Free Software Foundation, Inc.

GNU Fortran comes with NO WARRANTY, to the extent permitted by law.
You may redistribute copies of GNU Fortran
under the terms of the GNU General Public License.
For more information about these matters, see the file named COPYING

configure:6188: $? = 0
configure:6195: gfortran -v >&5
Using built-in specs.
Target: ppc64-redhat-linux
Configured with: ../configure --prefix=/usr --mandir=/usr/share/man --infodir=/usr/share/info --enable-shared --enable-threads=posix --enable-checking=release --with-system-zlib --enable-__cxa_atexit --disable-libunwind-exceptions --enable-libgcj-multifile --enable-languages=c,c++,objc,obj-c++,java,fortran --enable-java-awt=gtk --disable-dssi --enable-plugin --with-java-home=/usr/lib/jvm/java-1.4.2-gcj-1.4.2.0/jre --enable-secureplt --with-long-double-128 --host=ppc64-redhat-linux --build=ppc64-redhat-linux --target=ppc64-redhat-linux --with-cpu=default32
Thread model: posix
gcc version 4.1.2 20071124 (Red Hat 4.1.2-42)
configure:6199: $? = 0
configure:6206: gfortran -V >&5
gfortran: '-V' option must have argument
configure:6210: $? = 1
configure:6218: checking whether we are using the GNU Fortran 77 compiler
configure:6237: gfortran -c  conftest.F >&5
configure:6244: $? = 0
configure:6261: result: yes
configure:6267: checking whether gfortran accepts -g
configure:6284: gfortran -c -g conftest.f >&5
configure:6291: $? = 0
configure:6307: result: yes
configure:6340: checking the maximum length of command line arguments
configure:6452: result: 98304
configure:6464: checking command to parse /usr/bin/nm -B output from ppu-gcc object
configure:6569: ppu-gcc -c -g -O2  conftest.c >&5
configure:6572: $? = 0
configure:6576: /usr/bin/nm -B conftest.o \| sed -n -e 's/^.*[ 	]\([ABCDGIRSTW][ABCDGIRSTW]*\)[ 	][ 	]*\([_A-Za-z][_A-Za-z0-9]*\)$/\1 \2 \2/p' \> conftest.nm
configure:6579: $? = 0
configure:6631: ppu-gcc -o conftest -g -O2   conftest.c conftstm.o >&5
configure:6634: $? = 0
configure:6672: result: ok
configure:6676: checking for objdir
configure:6691: result: .libs
configure:6783: checking for ar
configure:6810: result: ppu-ar
configure:6875: checking for ranlib
configure:6891: found /usr/bin/ranlib
configure:6902: result: ranlib
configure:6967: checking for strip
configure:6994: result: ppu-strip
configure:7584: checking if ppu-gcc supports -fno-rtti -fno-exceptions
configure:7602: ppu-gcc -c -g -O2  -fno-rtti -fno-exceptions conftest.c >&5
cc1: warning: command line option "-fno-rtti" is valid for C++/ObjC++ but not for C
configure:7606: $? = 0
configure:7619: result: no
configure:7634: checking for ppu-gcc option to produce PIC
configure:7866: result: -fPIC
configure:7874: checking if ppu-gcc PIC flag -fPIC works
configure:7892: ppu-gcc -c -g -O2  -fPIC -DPIC conftest.c >&5
configure:7896: $? = 0
configure:7909: result: yes
configure:7937: checking if ppu-gcc static flag -static works
configure:7965: result: yes
configure:7975: checking if ppu-gcc supports -c -o file.o
configure:7996: ppu-gcc -c -g -O2  -o out/conftest2.o conftest.c >&5
configure:8000: $? = 0
configure:8022: result: yes
configure:8048: checking whether the ppu-gcc linker (/usr/bin/ppu-ld) supports shared libraries
configure:9036: result: yes
configure:9057: checking whether -lc should be explicitly linked in
configure:9062: ppu-gcc -c -g -O2  conftest.c >&5
configure:9065: $? = 0
configure:9080: ppu-gcc -shared conftest.o  -v -Wl,-soname -Wl,conftest -o conftest 2\>\&1 \| grep  -lc  \>/dev/null 2\>\&1
configure:9083: $? = 0
configure:9095: result: no
configure:9103: checking dynamic linker characteristics
configure:9707: result: no
configure:9731: checking how to hardcode library paths into programs
configure:9756: result: immediate
configure:9770: checking whether stripping libraries is possible
configure:9775: result: yes
configure:10605: checking if libtool supports shared libraries
configure:10607: result: no
configure:10610: checking whether to build shared libraries
configure:10631: result: no
configure:10634: checking whether to build static libraries
configure:10638: result: yes
configure:10732: creating libtool
configure:11325: checking for ld used by g++
configure:11392: result: /usr/bin/ppu-ld
configure:11401: checking if the linker (/usr/bin/ppu-ld) is GNU ld
configure:11416: result: yes
configure:11467: checking whether the g++ linker (/usr/bin/ppu-ld) supports shared libraries
configure:12421: result: no
configure:12438: g++ -c -g -O2  conftest.cpp >&5
configure:12441: $? = 0
configure:12597: checking for g++ option to produce PIC
configure:12881: result: -fPIC
configure:12889: checking if g++ PIC flag -fPIC works
configure:12907: g++ -c -g -O2  -fPIC -DPIC conftest.cpp >&5
configure:12911: $? = 0
configure:12924: result: yes
configure:12952: checking if g++ static flag -static works
configure:12980: result: no
configure:12990: checking if g++ supports -c -o file.o
configure:13011: g++ -c -g -O2  -o out/conftest2.o conftest.cpp >&5
configure:13015: $? = 0
configure:13037: result: yes
configure:13063: checking whether the g++ linker (/usr/bin/ppu-ld) supports shared libraries
configure:13089: result: no
configure:13156: checking dynamic linker characteristics
configure:13708: result: no
configure:13732: checking how to hardcode library paths into programs
configure:13757: result: immediate
configure:14296: checking if libtool supports shared libraries
configure:14298: result: no
configure:14301: checking whether to build shared libraries
configure:14321: result: no
configure:14324: checking whether to build static libraries
configure:14328: result: yes
configure:14338: checking for gfortran option to produce PIC
configure:14570: result: -fPIC
configure:14578: checking if gfortran PIC flag -fPIC works
configure:14596: gfortran -c -g -O2 -fPIC conftest.f >&5
configure:14600: $? = 0
configure:14613: result: yes
configure:14641: checking if gfortran static flag -static works
configure:14669: result: yes
configure:14679: checking if gfortran supports -c -o file.o
configure:14700: gfortran -c -g -O2 -o out/conftest2.o conftest.f >&5
configure:14704: $? = 0
configure:14726: result: yes
configure:14752: checking whether the gfortran linker (/usr/bin/ppu-ld) supports shared libraries
configure:15720: result: yes
configure:15787: checking dynamic linker characteristics
configure:16339: result: no
configure:16363: checking how to hardcode library paths into programs
configure:16388: result: immediate
configure:20006: checking for ANSI C header files
configure:20174: result: yes
configure:20186: checking for pthread_create in -lpthread
configure:20221: ppu-gcc -o conftest -g -O2   conftest.c -lpthread   >&5
configure:20228: $? = 0
configure:20249: result: yes
configure:20287: checking fcntl.h usability
configure:20304: ppu-gcc -c -g -O2  conftest.c >&5
configure:20311: $? = 0
configure:20325: result: yes
configure:20329: checking fcntl.h presence
configure:20344: ppu-gcc -E  conftest.c
configure:20351: $? = 0
configure:20365: result: yes
configure:20398: checking for fcntl.h
configure:20407: result: yes
configure:20276: checking for inttypes.h
configure:20283: result: yes
configure:20287: checking limits.h usability
configure:20304: ppu-gcc -c -g -O2  conftest.c >&5
configure:20311: $? = 0
configure:20325: result: yes
configure:20329: checking limits.h presence
configure:20344: ppu-gcc -E  conftest.c
configure:20351: $? = 0
configure:20365: result: yes
configure:20398: checking for limits.h
configure:20407: result: yes
configure:20287: checking malloc.h usability
configure:20304: ppu-gcc -c -g -O2  conftest.c >&5
configure:20311: $? = 0
configure:20325: result: yes
configure:20329: checking malloc.h presence
configure:20344: ppu-gcc -E  conftest.c
configure:20351: $? = 0
configure:20365: result: yes
configure:20398: checking for malloc.h
configure:20407: result: yes
configure:20276: checking for stdlib.h
configure:20283: result: yes
configure:20276: checking for string.h
configure:20283: result: yes
configure:20287: checking sys/time.h usability
configure:20304: ppu-gcc -c -g -O2  conftest.c >&5
configure:20311: $? = 0
configure:20325: result: yes
configure:20329: checking sys/time.h presence
configure:20344: ppu-gcc -E  conftest.c
configure:20351: $? = 0
configure:20365: result: yes
configure:20398: checking for sys/time.h
configure:20407: result: yes
configure:20276: checking for unistd.h
configure:20283: result: yes
configure:20287: checking pthread.h usability
configure:20304: ppu-gcc -c -g -O2  conftest.c >&5
configure:20311: $? = 0
configure:20325: result: yes
configure:20329: checking pthread.h presence
configure:20344: ppu-gcc -E  conftest.c
configure:20351: $? = 0
configure:20365: result: yes
configure:20398: checking for pthread.h
configure:20407: result: yes
configure:20276: checking for stdint.h
configure:20283: result: yes
configure:20287: checking libgen.h usability
configure:20304: ppu-gcc -c -g -O2  conftest.c >&5
configure:20311: $? = 0
configure:20325: result: yes
configure:20329: checking libgen.h presence
configure:20344: ppu-gcc -E  conftest.c
configure:20351: $? = 0
configure:20365: result: yes
configure:20398: checking for libgen.h
configure:20407: result: yes
configure:20423: checking for stdbool.h that conforms to C99
configure:20518: ppu-gcc -c -g -O2  conftest.c >&5
configure:20525: $? = 0
configure:20540: result: yes
configure:20542: checking for _Bool
configure:20570: ppu-gcc -c -g -O2  conftest.c >&5
configure:20577: $? = 0
configure:20604: ppu-gcc -c -g -O2  conftest.c >&5
conftest.c: In function 'main':
conftest.c:70: error: expected expression before ')' token
configure:20611: $? = 1
configure: failed program was:
| /* confdefs.h.  */
| #define PACKAGE_NAME "ctl"
| #define PACKAGE_TARNAME "ctl"
| #define PACKAGE_VERSION "1.0"
| #define PACKAGE_STRING "ctl 1.0"
| #define PACKAGE_BUGREPORT "email@domain.org"
| #define PACKAGE "ctl"
| #define VERSION "1.0"
| #define STDC_HEADERS 1
| #define HAVE_SYS_TYPES_H 1
| #define HAVE_SYS_STAT_H 1
| #define HAVE_STDLIB_H 1
| #define HAVE_STRING_H 1
| #define HAVE_MEMORY_H 1
| #define HAVE_STRINGS_H 1
| #define HAVE_INTTYPES_H 1
| #define HAVE_STDINT_H 1
| #define HAVE_UNISTD_H 1
| #define HAVE_DLFCN_H 1
| #define STDC_HEADERS 1
| #define HAVE_LIBPTHREAD 1
| #define HAVE_FCNTL_H 1
| #define HAVE_INTTYPES_H 1
| #define HAVE_LIMITS_H 1
| #define HAVE_MALLOC_H 1
| #define HAVE_STDLIB_H 1
| #define HAVE_STRING_H 1
| #define HAVE_SYS_TIME_H 1
| #define HAVE_UNISTD_H 1
| #define HAVE_PTHREAD_H 1
| #define HAVE_STDINT_H 1
| #define HAVE_LIBGEN_H 1
| /* end confdefs.h.  */
| #include <stdio.h>
| #ifdef HAVE_SYS_TYPES_H
| # include <sys/types.h>
| #endif
| #ifdef HAVE_SYS_STAT_H
| # include <sys/stat.h>
| #endif
| #ifdef STDC_HEADERS
| # include <stdlib.h>
| # include <stddef.h>
| #else
| # ifdef HAVE_STDLIB_H
| #  include <stdlib.h>
| # endif
| #endif
| #ifdef HAVE_STRING_H
| # if !defined STDC_HEADERS && defined HAVE_MEMORY_H
| #  include <memory.h>
| # endif
| # include <string.h>
| #endif
| #ifdef HAVE_STRINGS_H
| # include <strings.h>
| #endif
| #ifdef HAVE_INTTYPES_H
| # include <inttypes.h>
| #endif
| #ifdef HAVE_STDINT_H
| # include <stdint.h>
| #endif
| #ifdef HAVE_UNISTD_H
| # include <unistd.h>
| #endif
| int
| main ()
| {
| if (sizeof ((_Bool)))
| 	  return 0;
|   ;
|   return 0;
| }
configure:20634: result: yes
configure:20653: checking for inline
configure:20679: ppu-gcc -c -g -O2  conftest.c >&5
configure:20686: $? = 0
configure:20704: result: inline
configure:20723: checking for size_t
configure:20751: ppu-gcc -c -g -O2  conftest.c >&5
configure:20758: $? = 0
configure:20785: ppu-gcc -c -g -O2  conftest.c >&5
conftest.c: In function 'main':
conftest.c:72: error: expected expression before ')' token
configure:20792: $? = 1
configure: failed program was:
| /* confdefs.h.  */
| #define PACKAGE_NAME "ctl"
| #define PACKAGE_TARNAME "ctl"
| #define PACKAGE_VERSION "1.0"
| #define PACKAGE_STRING "ctl 1.0"
| #define PACKAGE_BUGREPORT "email@domain.org"
| #define PACKAGE "ctl"
| #define VERSION "1.0"
| #define STDC_HEADERS 1
| #define HAVE_SYS_TYPES_H 1
| #define HAVE_SYS_STAT_H 1
| #define HAVE_STDLIB_H 1
| #define HAVE_STRING_H 1
| #define HAVE_MEMORY_H 1
| #define HAVE_STRINGS_H 1
| #define HAVE_INTTYPES_H 1
| #define HAVE_STDINT_H 1
| #define HAVE_UNISTD_H 1
| #define HAVE_DLFCN_H 1
| #define STDC_HEADERS 1
| #define HAVE_LIBPTHREAD 1
| #define HAVE_FCNTL_H 1
| #define HAVE_INTTYPES_H 1
| #define HAVE_LIMITS_H 1
| #define HAVE_MALLOC_H 1
| #define HAVE_STDLIB_H 1
| #define HAVE_STRING_H 1
| #define HAVE_SYS_TIME_H 1
| #define HAVE_UNISTD_H 1
| #define HAVE_PTHREAD_H 1
| #define HAVE_STDINT_H 1
| #define HAVE_LIBGEN_H 1
| #define HAVE__BOOL 1
| #define HAVE_STDBOOL_H 1
| /* end confdefs.h.  */
| #include <stdio.h>
| #ifdef HAVE_SYS_TYPES_H
| # include <sys/types.h>
| #endif
| #ifdef HAVE_SYS_STAT_H
| # include <sys/stat.h>
| #endif
| #ifdef STDC_HEADERS
| # include <stdlib.h>
| # include <stddef.h>
| #else
| # ifdef HAVE_STDLIB_H
| #  include <stdlib.h>
| # endif
| #endif
| #ifdef HAVE_STRING_H
| # if !defined STDC_HEADERS && defined HAVE_MEMORY_H
| #  include <memory.h>
| # endif
| # include <string.h>
| #endif
| #ifdef HAVE_STRINGS_H
| # include <strings.h>
| #endif
| #ifdef HAVE_INTTYPES_H
| # include <inttypes.h>
| #endif
| #ifdef HAVE_STDINT_H
| # include <stdint.h>
| #endif
| #ifdef HAVE_UNISTD_H
| # include <unistd.h>
| #endif
| int
| main ()
| {
| if (sizeof ((size_t)))
| 	  return 0;
|   ;
|   return 0;
| }
configure:20815: result: yes
configure:20833: checking for stdlib.h
configure:20840: result: yes
configure:20979: checking for GNU libc compatible malloc
configure:21013: ppu-gcc -o conftest -g -O2   conftest.c -lpthread  >&5
configure:21017: $? = 0
configure:21023: ./conftest
configure:21027: $? = 0
configure:21044: result: yes
configure:21078: checking for stdlib.h
configure:21085: result: yes
configure:21078: checking for unistd.h
configure:21085: result: yes
configure:21228: checking for getpagesize
configure:21284: ppu-gcc -o conftest -g -O2   conftest.c -lpthread  >&5
configure:21291: $? = 0
configure:21313: result: yes
configure:21325: checking for working mmap
configure:21472: ppu-gcc -o conftest -g -O2   conftest.c -lpthread  >&5
configure:21476: $? = 0
configure:21482: ./conftest
configure:21486: $? = 0
configure:21503: result: yes
configure:21519: checking for memset
configure:21575: ppu-gcc -o conftest -g -O2   conftest.c -lpthread  >&5
conftest.c:65: warning: conflicting types for built-in function 'memset'
configure:21582: $? = 0
configure:21604: result: yes
configure:21519: checking for uname
configure:21575: ppu-gcc -o conftest -g -O2   conftest.c -lpthread  >&5
configure:21582: $? = 0
configure:21604: result: yes
configure:22160: creating ./config.status

## ---------------- ##
## Cache variables. ##
## ---------------- ##

ac_cv_build=powerpc64-unknown-none
ac_cv_c_compiler_gnu=yes
ac_cv_c_inline=inline
ac_cv_cxx_compiler_gnu=yes
ac_cv_env_CCC_set=
ac_cv_env_CCC_value=
ac_cv_env_CC_set=set
ac_cv_env_CC_value=ppu-gcc
ac_cv_env_CFLAGS_set=
ac_cv_env_CFLAGS_value=
ac_cv_env_CPPFLAGS_set=
ac_cv_env_CPPFLAGS_value=
ac_cv_env_CPP_set=
ac_cv_env_CPP_value=
ac_cv_env_CXXCPP_set=
ac_cv_env_CXXCPP_value=
ac_cv_env_CXXFLAGS_set=
ac_cv_env_CXXFLAGS_value=
ac_cv_env_CXX_set=
ac_cv_env_CXX_value=
ac_cv_env_F77_set=
ac_cv_env_F77_value=
ac_cv_env_FFLAGS_set=
ac_cv_env_FFLAGS_value=
ac_cv_env_LDFLAGS_set=
ac_cv_env_LDFLAGS_value=
ac_cv_env_LIBS_set=
ac_cv_env_LIBS_value=
ac_cv_env_build_alias_set=set
ac_cv_env_build_alias_value=powerpc64
ac_cv_env_host_alias_set=
ac_cv_env_host_alias_value=
ac_cv_env_target_alias_set=
ac_cv_env_target_alias_value=
ac_cv_f77_compiler_gnu=yes
ac_cv_func_getpagesize=yes
ac_cv_func_malloc_0_nonnull=yes
ac_cv_func_memset=yes
ac_cv_func_mmap_fixed_mapped=yes
ac_cv_func_uname=yes
ac_cv_header_dlfcn_h=yes
ac_cv_header_fcntl_h=yes
ac_cv_header_inttypes_h=yes
ac_cv_header_libgen_h=yes
ac_cv_header_limits_h=yes
ac_cv_header_malloc_h=yes
ac_cv_header_memory_h=yes
ac_cv_header_pthread_h=yes
ac_cv_header_stdbool_h=yes
ac_cv_header_stdc=yes
ac_cv_header_stdint_h=yes
ac_cv_header_stdlib_h=yes
ac_cv_header_string_h=yes
ac_cv_header_strings_h=yes
ac_cv_header_sys_stat_h=yes
ac_cv_header_sys_time_h=yes
ac_cv_header_sys_types_h=yes
ac_cv_header_unistd_h=yes
ac_cv_host=powerpc64-unknown-none
ac_cv_lib_pthread_pthread_create=yes
ac_cv_objext=o
ac_cv_path_EGREP='/bin/grep -E'
ac_cv_path_GREP=/bin/grep
ac_cv_path_install='/usr/bin/install -c'
ac_cv_path_mkdir=/bin/mkdir
ac_cv_prog_AWK=gawk
ac_cv_prog_CPP='ppu-gcc -E'
ac_cv_prog_CXXCPP='g++ -E'
ac_cv_prog_ac_ct_AR=ppu-ar
ac_cv_prog_ac_ct_CC=ppu-gcc
ac_cv_prog_ac_ct_CXX=g++
ac_cv_prog_ac_ct_F77=gfortran
ac_cv_prog_ac_ct_RANLIB=ranlib
ac_cv_prog_ac_ct_STRIP=ppu-strip
ac_cv_prog_cc_c89=
ac_cv_prog_cc_g=yes
ac_cv_prog_cxx_g=yes
ac_cv_prog_f77_g=yes
ac_cv_prog_make_make_set=yes
ac_cv_target=powerpc64-unknown-none
ac_cv_type__Bool=yes
ac_cv_type_size_t=yes
am_cv_CC_dependencies_compiler_type=gcc3
am_cv_CXX_dependencies_compiler_type=gcc3
lt_cv_deplibs_check_method=unknown
lt_cv_file_magic_cmd='$MAGIC_CMD'
lt_cv_file_magic_test_file=
lt_cv_ld_reload_flag=-r
lt_cv_objdir=.libs
lt_cv_path_LD=/usr/bin/ppu-ld
lt_cv_path_LDCXX=/usr/bin/ppu-ld
lt_cv_path_NM='/usr/bin/nm -B'
lt_cv_path_SED=/bin/sed
lt_cv_prog_compiler_c_o=yes
lt_cv_prog_compiler_c_o_CXX=yes
lt_cv_prog_compiler_c_o_F77=yes
lt_cv_prog_compiler_pic_works=yes
lt_cv_prog_compiler_pic_works_CXX=yes
lt_cv_prog_compiler_pic_works_F77=yes
lt_cv_prog_compiler_rtti_exceptions=no
lt_cv_prog_compiler_static_works=yes
lt_cv_prog_compiler_static_works_CXX=no
lt_cv_prog_compiler_static_works_F77=yes
lt_cv_prog_gnu_ld=yes
lt_cv_prog_gnu_ldcxx=yes
lt_cv_sys_global_symbol_pipe='sed -n -e '\''s/^.*[ 	]\([ABCDGIRSTW][ABCDGIRSTW]*\)[ 	][ 	]*\([_A-Za-z][_A-Za-z0-9]*\)$/\1 \2 \2/p'\'''
lt_cv_sys_global_symbol_to_c_name_address='sed -n -e '\''s/^: \([^ ]*\) $/  {\"\1\", (lt_ptr) 0},/p'\'' -e '\''s/^[BCDEGRST] \([^ ]*\) \([^ ]*\)$/  {"\2", (lt_ptr) \&\2},/p'\'''
lt_cv_sys_global_symbol_to_cdecl='sed -n -e '\''s/^. .* \(.*\)$/extern int \1;/p'\'''
lt_cv_sys_lib_dlsearch_path_spec='/lib /usr/lib'
lt_cv_sys_lib_search_path_spec='/usr/lib/gcc/ppu/4.1.1 /usr/lib64 /lib64'
lt_cv_sys_max_cmd_len=98304
lt_lt_cv_prog_compiler_c_o='"yes"'
lt_lt_cv_prog_compiler_c_o_CXX='"yes"'
lt_lt_cv_prog_compiler_c_o_F77='"yes"'
lt_lt_cv_sys_global_symbol_pipe='"sed -n -e '\''s/^.*[ 	]\\([ABCDGIRSTW][ABCDGIRSTW]*\\)[ 	][ 	]*\\([_A-Za-z][_A-Za-z0-9]*\\)\$/\\1 \\2 \\2/p'\''"'
lt_lt_cv_sys_global_symbol_to_c_name_address='"sed -n -e '\''s/^: \\([^ ]*\\) \$/  {\\\"\\1\\\", (lt_ptr) 0},/p'\'' -e '\''s/^[BCDEGRST] \\([^ ]*\\) \\([^ ]*\\)\$/  {\"\\2\", (lt_ptr) \\&\\2},/p'\''"'
lt_lt_cv_sys_global_symbol_to_cdecl='"sed -n -e '\''s/^. .* \\(.*\\)\$/extern int \\1;/p'\''"'

## ----------------- ##
## Output variables. ##
## ----------------- ##

ACLOCAL='${SHELL} /home/lopeici/1.0.2/config/missing --run aclocal-1.10'
AMDEPBACKSLASH='\'
AMDEP_FALSE='#'
AMDEP_TRUE=''
AMTAR='${SHELL} /home/lopeici/1.0.2/config/missing --run tar'
AR='ppu-ar'
AUTOCONF='${SHELL} /home/lopeici/1.0.2/config/missing --run autoconf'
AUTOHEADER='${SHELL} /home/lopeici/1.0.2/config/missing --run autoheader'
AUTOMAKE='${SHELL} /home/lopeici/1.0.2/config/missing --run automake-1.10'
AWK='gawk'
CC='ppu-gcc'
CCDEPMODE='depmode=gcc3'
CFLAGS='  -Wall -Wshadow -Wwrite-strings -Winline -funit-at-a-time --param inline-unit-growth=155 -DLIB_COMPILATION -O2 -fno-strict-aliasing'
CPP='ppu-gcc -E'
CPPFLAGS=''
CXX='g++'
CXXCPP='g++ -E'
CXXDEPMODE='depmode=gcc3'
CXXFLAGS='-g -O2'
CYGPATH_W='echo'
DEFS='-DHAVE_CONFIG_H'
DEPDIR='.deps'
DSYMUTIL=''
ECHO='echo'
ECHO_C=''
ECHO_N='-n'
ECHO_T=''
EGREP='/bin/grep -E'
EXEEXT=''
F77='gfortran'
FFLAGS='-g -O2'
GREP='/bin/grep'
INSTALL_DATA='${INSTALL} -m 644'
INSTALL_PROGRAM='${INSTALL}'
INSTALL_SCRIPT='${INSTALL}'
INSTALL_STRIP_PROGRAM='$(install_sh) -c -s'
LDFLAGS=' -O2 -fno-strict-aliasing'
LIBOBJS=''
LIBS='-lpthread '
LIBTOOL='$(SHELL) $(top_builddir)/libtool'
LN_S='ln -s'
LTLIBOBJS=''
MAKEINFO='${SHELL} /home/lopeici/1.0.2/config/missing --run makeinfo'
MKDIR_P='/bin/mkdir -p'
NMEDIT=''
OBJEXT='o'
PACKAGE='ctl'
PACKAGE_BUGREPORT='email@domain.org'
PACKAGE_NAME='ctl'
PACKAGE_STRING='ctl 1.0'
PACKAGE_TARNAME='ctl'
PACKAGE_VERSION='1.0'
PATH_SEPARATOR=':'
PREFIX='/home/lopeici/CTL/CTLlib'
RANLIB='ranlib'
RELEASE_SUFFIX='-cmt-word-64'
SED='/bin/sed'
SET_MAKE=''
SHELL='/bin/sh'
STRIP='ppu-strip'
VERSION='1.0'
ac_ct_CC='ppu-gcc'
ac_ct_CXX='g++'
ac_ct_F77='gfortran'
am__fastdepCC_FALSE='#'
am__fastdepCC_TRUE=''
am__fastdepCXX_FALSE='#'
am__fastdepCXX_TRUE=''
am__include='include'
am__isrc=''
am__leading_dot='.'
am__quote=''
am__tar='${AMTAR} chof - "$$tardir"'
am__untar='${AMTAR} xf -'
bindir='${exec_prefix}/bin'
build='powerpc64-unknown-none'
build_alias='powerpc64'
build_cpu='powerpc64'
build_os='none'
build_vendor='unknown'
datadir='${datarootdir}'
datarootdir='${prefix}/share'
docdir='${datarootdir}/doc/${PACKAGE_TARNAME}'
dvidir='${docdir}'
exec_prefix='${prefix}'
host='powerpc64-unknown-none'
host_alias=''
host_cpu='powerpc64'
host_os='none'
host_vendor='unknown'
htmldir='${docdir}'
includedir='${prefix}/include'
infodir='${datarootdir}/info'
install_sh='$(SHELL) /home/lopeici/1.0.2/config/install-sh'
libdir='${exec_prefix}/lib'
libexecdir='${exec_prefix}/libexec'
localedir='${datarootdir}/locale'
localstatedir='${prefix}/var'
mandir='${datarootdir}/man'
mkdir_p='/bin/mkdir -p'
oldincludedir='/usr/include'
pdfdir='${docdir}'
prefix='/home/lopeici/CTL/CTLlib'
program_transform_name='s,x,x,'
psdir='${docdir}'
sbindir='${exec_prefix}/sbin'
sharedstatedir='${prefix}/com'
sysconfdir='${prefix}/etc'
target='powerpc64-unknown-none'
target_alias=''
target_cpu='powerpc64'
target_os='none'
target_vendor='unknown'

## ----------- ##
## confdefs.h. ##
## ----------- ##

#define PACKAGE_NAME "ctl"
#define PACKAGE_TARNAME "ctl"
#define PACKAGE_VERSION "1.0"
#define PACKAGE_STRING "ctl 1.0"
#define PACKAGE_BUGREPORT "email@domain.org"
#define PACKAGE "ctl"
#define VERSION "1.0"
#define STDC_HEADERS 1
#define HAVE_SYS_TYPES_H 1
#define HAVE_SYS_STAT_H 1
#define HAVE_STDLIB_H 1
#define HAVE_STRING_H 1
#define HAVE_MEMORY_H 1
#define HAVE_STRINGS_H 1
#define HAVE_INTTYPES_H 1
#define HAVE_STDINT_H 1
#define HAVE_UNISTD_H 1
#define HAVE_DLFCN_H 1
#define STDC_HEADERS 1
#define HAVE_LIBPTHREAD 1
#define HAVE_FCNTL_H 1
#define HAVE_INTTYPES_H 1
#define HAVE_LIMITS_H 1
#define HAVE_MALLOC_H 1
#define HAVE_STDLIB_H 1
#define HAVE_STRING_H 1
#define HAVE_SYS_TIME_H 1
#define HAVE_UNISTD_H 1
#define HAVE_PTHREAD_H 1
#define HAVE_STDINT_H 1
#define HAVE_LIBGEN_H 1
#define HAVE__BOOL 1
#define HAVE_STDBOOL_H 1
#define HAVE_STDLIB_H 1
#define HAVE_MALLOC 1
#define HAVE_STDLIB_H 1
#define HAVE_UNISTD_H 1
#define HAVE_GETPAGESIZE 1
#define HAVE_MMAP 1
#define HAVE_MEMSET 1
#define HAVE_UNAME 1
#define PREFIX "/home/lopeici/CTL/CTLlib"
#define MODE_CMT 1
	#define CPU_CELL 1
#define USE_TX_HANDLER 1
#define DEBUG_MODE 0

configure: exit 0

## ---------------------- ##
## Running config.status. ##
## ---------------------- ##

This file was extended by ctl config.status 1.0, which was
generated by GNU Autoconf 2.63.  Invocation command line was

  CONFIG_FILES    = 
  CONFIG_HEADERS  = 
  CONFIG_LINKS    = 
  CONFIG_COMMANDS = 
  $ ./config.status 

on qs21b

config.status:831: creating Makefile
config.status:831: creating src/Makefile
config.status:831: creating config.h
config.status:1053: config.h is unchanged
config.status:1105: executing depfiles commands

## ---------------------- ##
## Running config.status. ##
## ---------------------- ##

This file was extended by ctl config.status 1.0, which was
generated by GNU Autoconf 2.63.  Invocation command line was

  CONFIG_FILES    = 
  CONFIG_HEADERS  = 
  CONFIG_LINKS    = 
  CONFIG_COMMANDS = 
  $ ./config.status config.h

on qs21b

config.status:831: creating config.h
config.status:1053: config.h is unchanged
